
node:internal/modules/run_main:107
    triggerUncaughtException(
    ^
Error [ERR_MODULE_NOT_FOUND]: Cannot find package 'drizzle-orm' imported from C:\Users\AP\Desktop\Taps_AI\apps\api\src\infrastructure\persistence\drizzle-repositories.ts
Did you mean to import "drizzle-orm/index.cjs"?
    at Object.getPackageJSONURL (node:internal/modules/package_json_reader:301:9)
    at packageResolve (node:internal/modules/esm/resolve:768:81)
    at moduleResolve (node:internal/modules/esm/resolve:859:18)
    at defaultResolve (node:internal/modules/esm/resolve:991:11)
    at nextResolve (node:internal/modules/esm/hooks:785:28)
    at resolveBase (file:///C:/Users/AP/Desktop/Taps_AI/node_modules/.pnpm/tsx@4.21.0/node_modules/tsx/dist/esm/index.mjs?1774249642541:2:3744)
    at resolveDirectory (file:///C:/Users/AP/Desktop/Taps_AI/node_modules/.pnpm/tsx@4.21.0/node_modules/tsx/dist/esm/index.mjs?1774249642541:2:4243)
    at resolveTsPaths (file:///C:/Users/AP/Desktop/Taps_AI/node_modules/.pnpm/tsx@4.21.0/node_modules/tsx/dist/esm/index.mjs?1774249642541:2:4984)
    at async resolve (file:///C:/Users/AP/Desktop/Taps_AI/node_modules/.pnpm/tsx@4.21.0/node_modules/tsx/dist/esm/index.mjs?1774249642541:2:5355)
    at async nextResolve (node:internal/modules/esm/hooks:785:22) {
  code: 'ERR_MODULE_NOT_FOUND'
}

Node.js v24.14.0
node:net:1948
    const ex = new UVExceptionWithHostPort(err, 'listen', address, port);
               ^

Error: listen EADDRINUSE: address already in use 0.0.0.0:4000
    at Server.setupListenHandle [as _listen2] (node:net:1948:16)
    at listenInCluster (node:net:2005:12)
    at node:net:2214:7
    at process.processTicksAndRejections (node:internal/process/task_queues:90:21) {
  code: 'EADDRINUSE',
  errno: -4091,
  syscall: 'listen',
  address: '0.0.0.0',
  port: 4000
}

Node.js v24.14.0
node:net:1948
    const ex = new UVExceptionWithHostPort(err, 'listen', address, port);
               ^

Error: listen EADDRINUSE: address already in use 0.0.0.0:4000
    at Server.setupListenHandle [as _listen2] (node:net:1948:16)
    at listenInCluster (node:net:2005:12)
    at node:net:2214:7
    at process.processTicksAndRejections (node:internal/process/task_queues:90:21) {
  code: 'EADDRINUSE',
  errno: -4091,
  syscall: 'listen',
  address: '0.0.0.0',
  port: 4000
}

Node.js v24.14.0
node:net:1948
    const ex = new UVExceptionWithHostPort(err, 'listen', address, port);
               ^

Error: listen EADDRINUSE: address already in use 0.0.0.0:4000
    at Server.setupListenHandle [as _listen2] (node:net:1948:16)
    at listenInCluster (node:net:2005:12)
    at node:net:2214:7
    at process.processTicksAndRejections (node:internal/process/task_queues:90:21) {
  code: 'EADDRINUSE',
  errno: -4091,
  syscall: 'listen',
  address: '0.0.0.0',
  port: 4000
}

Node.js v24.14.0
node:net:1948
    const ex = new UVExceptionWithHostPort(err, 'listen', address, port);
               ^

Error: listen EADDRINUSE: address already in use 0.0.0.0:4000
    at Server.setupListenHandle [as _listen2] (node:net:1948:16)
    at listenInCluster (node:net:2005:12)
    at node:net:2214:7
    at process.processTicksAndRejections (node:internal/process/task_queues:90:21) {
  code: 'EADDRINUSE',
  errno: -4091,
  syscall: 'listen',
  address: '0.0.0.0',
  port: 4000
}

Node.js v24.14.0
^C